Using BASELINE

openjdk version "11.0.13" 2021-10-19
OpenJDK Runtime Environment Temurin-11.0.13+8 (build 11.0.13+8)
OpenJDK 64-Bit Server VM Temurin-11.0.13+8 (build 11.0.13+8, mixed mode)
Randoop for Java version "4.3.3, branch master, commit 27d6ec8, 2025-02-26".

Will try to generate tests for 23 classes.
PUBLIC MEMBERS=240
Explorer = ForwardGenerator(steps: 0, null steps: 0, num_sequences_generated: 0;
    allSequences: 0, regresson seqs: 0, error seqs: 0=0=0, invalid seqs: 0, subsumed_sequences: 0, num_failed_output_test: 0;
    sideEffectFreeMethods: 1115, runtimePrimitivesSeen: 38)

Progress update: steps=1, test inputs generated=0, failing inputs=0      (2025-03-05T02:27:03.226823Z     73.8M used)Unexpected exception java.lang.NullPointerException (null) in CallReplacementTransformer.transform(com/sun/source/doctree/DocCommentTree)
java.lang.NullPointerException
	at replacecall.org.apache.bcel.generic.ConstantPoolGen.<init>(ConstantPoolGen.java:159)
	at replacecall.org.apache.bcel.generic.ConstantPoolGen.<init>(ConstantPoolGen.java:216)
	at replacecall.org.apache.bcel.generic.ClassGen.<init>(ClassGen.java:143)
	at randoop.instrument.CallReplacementTransformer.transform(CallReplacementTransformer.java:131)
	at java.instrument/java.lang.instrument.ClassFileTransformer.transform(ClassFileTransformer.java:246)
	at java.instrument/sun.instrument.TransformerManager.transform(TransformerManager.java:188)
	at java.instrument/sun.instrument.InstrumentationImpl.transform(InstrumentationImpl.java:563)
	at java.base/java.lang.ClassLoader.defineClass2(Native Method)
	at java.base/java.lang.ClassLoader.defineClass(ClassLoader.java:1109)
	at java.base/java.security.SecureClassLoader.defineClass(SecureClassLoader.java:206)
	at java.base/jdk.internal.loader.BuiltinClassLoader.defineClass(BuiltinClassLoader.java:759)
	at java.base/jdk.internal.loader.BuiltinClassLoader.findClassInModuleOrNull(BuiltinClassLoader.java:680)
	at java.base/jdk.internal.loader.BuiltinClassLoader.loadClassOrNull(BuiltinClassLoader.java:605)
	at java.base/jdk.internal.loader.BuiltinClassLoader.loadClass(BuiltinClassLoader.java:579)
	at java.base/jdk.internal.loader.ClassLoaders$AppClassLoader.loadClass(ClassLoaders.java:178)
	at java.base/java.lang.ClassLoader.loadClass(ClassLoader.java:522)
	at jdk.compiler/com.sun.tools.javac.parser.ParserFactory.<init>(ParserFactory.java:76)
	at jdk.compiler/com.sun.tools.javac.parser.ParserFactory.instance(ParserFactory.java:56)
	at jdk.compiler/com.sun.tools.javac.main.JavaCompiler.<init>(JavaCompiler.java:401)
	at jdk.compiler/com.sun.tools.javac.main.JavaCompiler.instance(JavaCompiler.java:115)
	at jdk.compiler/com.sun.tools.javac.api.JavacTaskImpl.prepareCompiler(JavacTaskImpl.java:203)
	at jdk.compiler/com.sun.tools.javac.api.JavacTaskImpl.lambda$doCall$0(JavacTaskImpl.java:101)
	at jdk.compiler/com.sun.tools.javac.api.JavacTaskImpl.handleExceptions(JavacTaskImpl.java:147)
	at jdk.compiler/com.sun.tools.javac.api.JavacTaskImpl.doCall(JavacTaskImpl.java:100)
	at jdk.compiler/com.sun.tools.javac.api.JavacTaskImpl.call(JavacTaskImpl.java:94)
	at randoop.compile.SequenceCompiler.compile(SequenceCompiler.java:176)
	at randoop.compile.SequenceCompiler.isCompilable(SequenceCompiler.java:105)
	at randoop.test.CompilableTestPredicate.testSource(CompilableTestPredicate.java:114)
	at randoop.test.CompilableTestPredicate.test(CompilableTestPredicate.java:93)
	at randoop.test.CompilableTestPredicate.test(CompilableTestPredicate.java:25)
	at java.base/java.util.function.Predicate.lambda$and$0(Predicate.java:69)
	at randoop.generation.AbstractGenerator.createAndClassifySequences(AbstractGenerator.java:320)
	at randoop.main.GenTests.handle(GenTests.java:569)
	at randoop.main.Main.nonStaticMain(Main.java:69)
	at randoop.main.Main.main(Main.java:31)
Unexpected exception java.lang.NullPointerException (null) in CallReplacementTransformer.transform(com/sun/source/doctree/DocTreeVisitor)
java.lang.NullPointerException
	at replacecall.org.apache.bcel.generic.ConstantPoolGen.<init>(ConstantPoolGen.java:159)
	at replacecall.org.apache.bcel.generic.ConstantPoolGen.<init>(ConstantPoolGen.java:216)
	at replacecall.org.apache.bcel.generic.ClassGen.<init>(ClassGen.java:143)
	at randoop.instrument.CallReplacementTransformer.transform(CallReplacementTransformer.java:131)
	at java.instrument/java.lang.instrument.ClassFileTransformer.transform(ClassFileTransformer.java:246)
	at java.instrument/sun.instrument.TransformerManager.transform(TransformerManager.java:188)
	at java.instrument/sun.instrument.InstrumentationImpl.transform(InstrumentationImpl.java:563)
	at java.base/java.lang.ClassLoader.defineClass2(Native Method)
	at java.base/java.lang.ClassLoader.defineClass(ClassLoader.java:1109)
	at java.base/java.security.SecureClassLoader.defineClass(SecureClassLoader.java:206)
	at java.base/jdk.internal.loader.BuiltinClassLoader.defineClass(BuiltinClassLoader.java:759)
	at java.base/jdk.internal.loader.BuiltinClassLoader.findClassInModuleOrNull(BuiltinClassLoader.java:680)
	at java.base/jdk.internal.loader.BuiltinClassLoader.loadClassOrNull(BuiltinClassLoader.java:605)
	at java.base/jdk.internal.loader.BuiltinClassLoader.loadClass(BuiltinClassLoader.java:579)
	at java.base/jdk.internal.loader.ClassLoaders$AppClassLoader.loadClass(ClassLoaders.java:178)
	at java.base/java.lang.ClassLoader.loadClass(ClassLoader.java:522)
	at jdk.compiler/com.sun.tools.javac.tree.DocTreeMaker.<init>(DocTreeMaker.java:146)
	at jdk.compiler/com.sun.tools.javac.tree.DocTreeMaker.instance(DocTreeMaker.java:124)
	at jdk.compiler/com.sun.tools.javac.parser.ParserFactory.<init>(ParserFactory.java:76)
	at jdk.compiler/com.sun.tools.javac.parser.ParserFactory.instance(ParserFactory.java:56)
	at jdk.compiler/com.sun.tools.javac.main.JavaCompiler.<init>(JavaCompiler.java:401)
	at jdk.compiler/com.sun.tools.javac.main.JavaCompiler.instance(JavaCompiler.java:115)
	at jdk.compiler/com.sun.tools.javac.api.JavacTaskImpl.prepareCompiler(JavacTaskImpl.java:203)
	at jdk.compiler/com.sun.tools.javac.api.JavacTaskImpl.lambda$doCall$0(JavacTaskImpl.java:101)
	at jdk.compiler/com.sun.tools.javac.api.JavacTaskImpl.handleExceptions(JavacTaskImpl.java:147)
	at jdk.compiler/com.sun.tools.javac.api.JavacTaskImpl.doCall(JavacTaskImpl.java:100)
	at jdk.compiler/com.sun.tools.javac.api.JavacTaskImpl.call(JavacTaskImpl.java:94)
	at randoop.compile.SequenceCompiler.compile(SequenceCompiler.java:176)
	at randoop.compile.SequenceCompiler.isCompilable(SequenceCompiler.java:105)
	at randoop.test.CompilableTestPredicate.testSource(CompilableTestPredicate.java:114)
	at randoop.test.CompilableTestPredicate.test(CompilableTestPredicate.java:93)
	at randoop.test.CompilableTestPredicate.test(CompilableTestPredicate.java:25)
	at java.base/java.util.function.Predicate.lambda$and$0(Predicate.java:69)
	at randoop.generation.AbstractGenerator.createAndClassifySequences(AbstractGenerator.java:320)
	at randoop.main.GenTests.handle(GenTests.java:569)
	at randoop.main.Main.nonStaticMain(Main.java:69)
	at randoop.main.Main.main(Main.java:31)
log4j:WARN No appenders could be found for logger (jvc.dispatcher).
log4j:WARN Please initialize the log4j system properly.
args   : <template dir> <src root dir> [-force] [-debug]
args   : <template root dir> <src root dir> [<package prefix>] [-force] [-debug]
example: ./templates ./src com.pmdesigns -debug

Progress update: steps=432, test inputs generated=304, failing inputs=0      (2025-03-05T02:27:13.233292Z     207M used)
Normal method executions: 49231
Exceptional method executions: 77

Average method execution time (normal termination):      0.00251
Average method execution time (exceptional termination): 0.0745
Approximate memory usage 207M
Explorer = ForwardGenerator(steps: 432, null steps: 128, num_sequences_generated: 304;
    allSequences: 304, regresson seqs: 301, error seqs: 0=0=0, invalid seqs: 0, subsumed_sequences: 0, num_failed_output_test: 3;
    sideEffectFreeMethods: 1115, runtimePrimitivesSeen: 65)

About to look for failing assertions in 206 regression sequences.

Regression test output:
Regression test count: 206
Writing regression JUnit tests...
Created file /Users/adityaakhileshwaran/IdeaProjects/grt-testing/scripts/build/test/BASELINE/RegressionTest0.java
Created file /Users/adityaakhileshwaran/IdeaProjects/grt-testing/scripts/build/test/BASELINE/RegressionTest.java
Wrote regression JUnit tests.
About to look for flaky methods.
Done looking for flaky methods.

Invalid tests generated: 0
java version "1.8.0_202"
Java(TM) SE Runtime Environment (build 1.8.0_202-b08)
Java HotSpot(TM) 64-Bit Server VM (build 25.202-b08, mixed mode)

Compiling and mutating project...
command:
/Users/adityaakhileshwaran/IdeaProjects/grt-testing/scripts/build/major/bin/ant -Dmutator=mml:/Users/adityaakhileshwaran/IdeaProjects/grt-testing/scripts/build/major/mml/all.mml.bin -Dsrc=/Users/adityaakhileshwaran/IdeaProjects/grt-testing/subject-programs/src/jvc-1.1/src/ -lib /Users/adityaakhileshwaran/IdeaProjects/grt-testing/subject-programs/src/jvc-1.1/lib/ clean compile

Buildfile: /Users/adityaakhileshwaran/IdeaProjects/grt-testing/scripts/build.xml

clean:
   [delete] Deleting directory /Users/adityaakhileshwaran/IdeaProjects/grt-testing/scripts/build/bin

init:
    [mkdir] Created dir: /Users/adityaakhileshwaran/IdeaProjects/grt-testing/scripts/build/bin

compile:

init:

tools:
    [javac] /Users/adityaakhileshwaran/IdeaProjects/grt-testing/subject-programs/src/jvc-1.1/build.xml:61: warning: 'includeantruntime' was not set, defaulting to build.sysclasspath=last; set to false for repeatable builds
    [javac] Compiling 23 source files to /Users/adityaakhileshwaran/IdeaProjects/grt-testing/subject-programs/src/jvc-1.1/lib/classes
    [javac] /Users/adityaakhileshwaran/IdeaProjects/grt-testing/subject-programs/src/jvc-1.1/src/com/pmdesigns/jvc/Destroyable.java:3: error: error while writing Destroyable: /Users/adityaakhileshwaran/IdeaProjects/grt-testing/subject-programs/src/jvc-1.1/lib/classes/com/pmdesigns/jvc/Destroyable.class (Permission denied)
    [javac] public interface Destroyable {
    [javac]        ^
    [javac] Note: Some input files use unchecked or unsafe operations.
    [javac] Note: Recompile with -Xlint:unchecked for details.
    [javac] 1 error

BUILD FAILED
/Users/adityaakhileshwaran/IdeaProjects/grt-testing/scripts/build.xml:34: The following error occurred while executing this line:
/Users/adityaakhileshwaran/IdeaProjects/grt-testing/subject-programs/src/jvc-1.1/build.xml:61: Compile failed; see the compiler error output for details.

Total time: 1 second
