

Using BASELINE

openjdk version "11.0.13" 2021-10-19
OpenJDK Runtime Environment Temurin-11.0.13+8 (build 11.0.13+8)
OpenJDK 64-Bit Server VM Temurin-11.0.13+8 (build 11.0.13+8, mixed mode)
Randoop for Java version "4.3.3, branch master, commit 27d6ec8, 2025-02-26".
Ignoring org.apache.shiro.authc.AbstractAuthenticator which was read from /Users/adityaakhileshwaran/IdeaProjects/grt-testing/subject-programs/shiro-core-1.2.3.jar but a class could not be loaded: java.lang.NoClassDefFoundError: org/slf4j/LoggerFactory
Ignoring org.apache.shiro.authc.credential.DefaultPasswordService which was read from /Users/adityaakhileshwaran/IdeaProjects/grt-testing/subject-programs/shiro-core-1.2.3.jar but a class could not be loaded: java.lang.NoClassDefFoundError: org/slf4j/LoggerFactory
Ignoring org.apache.shiro.authc.credential.HashedCredentialsMatcher which was read from /Users/adityaakhileshwaran/IdeaProjects/grt-testing/subject-programs/shiro-core-1.2.3.jar but a class could not be loaded: java.lang.NoClassDefFoundError: org/slf4j/LoggerFactory
Ignoring org.apache.shiro.authc.credential.Md2CredentialsMatcher which was read from /Users/adityaakhileshwaran/IdeaProjects/grt-testing/subject-programs/shiro-core-1.2.3.jar but a class could not be initialized: java.lang.NoClassDefFoundError: Could not initialize class org.apache.shiro.authc.credential.HashedCredentialsMatcher
Ignoring org.apache.shiro.authc.credential.Md5CredentialsMatcher which was read from /Users/adityaakhileshwaran/IdeaProjects/grt-testing/subject-programs/shiro-core-1.2.3.jar but a class could not be initialized: java.lang.NoClassDefFoundError: Could not initialize class org.apache.shiro.authc.credential.HashedCredentialsMatcher
Ignoring org.apache.shiro.authc.credential.Sha1CredentialsMatcher which was read from /Users/adityaakhileshwaran/IdeaProjects/grt-testing/subject-programs/shiro-core-1.2.3.jar but a class could not be initialized: java.lang.NoClassDefFoundError: Could not initialize class org.apache.shiro.authc.credential.HashedCredentialsMatcher
Ignoring org.apache.shiro.authc.credential.Sha256CredentialsMatcher which was read from /Users/adityaakhileshwaran/IdeaProjects/grt-testing/subject-programs/shiro-core-1.2.3.jar but a class could not be initialized: java.lang.NoClassDefFoundError: Could not initialize class org.apache.shiro.authc.credential.HashedCredentialsMatcher
Ignoring org.apache.shiro.authc.credential.Sha384CredentialsMatcher which was read from /Users/adityaakhileshwaran/IdeaProjects/grt-testing/subject-programs/shiro-core-1.2.3.jar but a class could not be initialized: java.lang.NoClassDefFoundError: Could not initialize class org.apache.shiro.authc.credential.HashedCredentialsMatcher
Ignoring org.apache.shiro.authc.credential.Sha512CredentialsMatcher which was read from /Users/adityaakhileshwaran/IdeaProjects/grt-testing/subject-programs/shiro-core-1.2.3.jar but a class could not be initialized: java.lang.NoClassDefFoundError: Could not initialize class org.apache.shiro.authc.credential.HashedCredentialsMatcher
Ignoring org.apache.shiro.authc.credential.SimpleCredentialsMatcher which was read from /Users/adityaakhileshwaran/IdeaProjects/grt-testing/subject-programs/shiro-core-1.2.3.jar but a class could not be initialized: java.lang.NoClassDefFoundError: Could not initialize class org.apache.shiro.authc.credential.SimpleCredentialsMatcher
Ignoring org.apache.shiro.authc.pam.AllSuccessfulStrategy which was read from /Users/adityaakhileshwaran/IdeaProjects/grt-testing/subject-programs/shiro-core-1.2.3.jar but a class could not be loaded: java.lang.NoClassDefFoundError: org/slf4j/LoggerFactory
Ignoring org.apache.shiro.authc.pam.ModularRealmAuthenticator which was read from /Users/adityaakhileshwaran/IdeaProjects/grt-testing/subject-programs/shiro-core-1.2.3.jar but a class could not be initialized: java.lang.NoClassDefFoundError: Could not initialize class org.apache.shiro.authc.AbstractAuthenticator
Ignoring org.apache.shiro.config.Ini which was read from /Users/adityaakhileshwaran/IdeaProjects/grt-testing/subject-programs/shiro-core-1.2.3.jar but a class could not be loaded: java.lang.NoClassDefFoundError: org/slf4j/LoggerFactory
Ignoring org.apache.shiro.config.IniFactorySupport which was read from /Users/adityaakhileshwaran/IdeaProjects/grt-testing/subject-programs/shiro-core-1.2.3.jar but a class could not be loaded: java.lang.NoClassDefFoundError: org/slf4j/LoggerFactory
Ignoring org.apache.shiro.config.IniSecurityManagerFactory which was read from /Users/adityaakhileshwaran/IdeaProjects/grt-testing/subject-programs/shiro-core-1.2.3.jar but a class could not be initialized: java.lang.NoClassDefFoundError: Could not initialize class org.apache.shiro.config.IniFactorySupport
Ignoring org.apache.shiro.config.ReflectionBuilder which was read from /Users/adityaakhileshwaran/IdeaProjects/grt-testing/subject-programs/shiro-core-1.2.3.jar but a class could not be loaded: java.lang.NoClassDefFoundError: org/slf4j/LoggerFactory
Ignoring org.apache.shiro.crypto.AbstractSymmetricCipherService which was read from /Users/adityaakhileshwaran/IdeaProjects/grt-testing/subject-programs/shiro-core-1.2.3.jar but a class could not be loaded: java.lang.NoClassDefFoundError: org/slf4j/LoggerFactory
Ignoring org.apache.shiro.crypto.AesCipherService which was read from /Users/adityaakhileshwaran/IdeaProjects/grt-testing/subject-programs/shiro-core-1.2.3.jar but a class could not be initialized: java.lang.NoClassDefFoundError: Could not initialize class org.apache.shiro.crypto.AbstractSymmetricCipherService
Ignoring org.apache.shiro.crypto.BlowfishCipherService which was read from /Users/adityaakhileshwaran/IdeaProjects/grt-testing/subject-programs/shiro-core-1.2.3.jar but a class could not be initialized: java.lang.NoClassDefFoundError: Could not initialize class org.apache.shiro.crypto.DefaultBlockCipherService
Ignoring org.apache.shiro.crypto.DefaultBlockCipherService which was read from /Users/adityaakhileshwaran/IdeaProjects/grt-testing/subject-programs/shiro-core-1.2.3.jar but a class could not be initialized: java.lang.NoClassDefFoundError: Could not initialize class org.apache.shiro.crypto.DefaultBlockCipherService
Ignoring org.apache.shiro.crypto.JcaCipherService which was read from /Users/adityaakhileshwaran/IdeaProjects/grt-testing/subject-programs/shiro-core-1.2.3.jar but a class could not be initialized: java.lang.NoClassDefFoundError: Could not initialize class org.apache.shiro.crypto.JcaCipherService
Ignoring org.apache.shiro.io.ResourceUtils which was read from /Users/adityaakhileshwaran/IdeaProjects/grt-testing/subject-programs/shiro-core-1.2.3.jar but a class could not be loaded: java.lang.NoClassDefFoundError: org/slf4j/LoggerFactory
Ignoring org.apache.shiro.jndi.JndiLocator which was read from /Users/adityaakhileshwaran/IdeaProjects/grt-testing/subject-programs/shiro-core-1.2.3.jar but a class could not be loaded: java.lang.NoClassDefFoundError: org/slf4j/LoggerFactory
Ignoring org.apache.shiro.jndi.JndiObjectFactory which was read from /Users/adityaakhileshwaran/IdeaProjects/grt-testing/subject-programs/shiro-core-1.2.3.jar but a class could not be initialized: java.lang.NoClassDefFoundError: Could not initialize class org.apache.shiro.jndi.JndiLocator
Ignoring org.apache.shiro.jndi.JndiTemplate which was read from /Users/adityaakhileshwaran/IdeaProjects/grt-testing/subject-programs/shiro-core-1.2.3.jar but a class could not be loaded: java.lang.NoClassDefFoundError: org/slf4j/LoggerFactory
Ignoring org.apache.shiro.mgt.AbstractRememberMeManager which was read from /Users/adityaakhileshwaran/IdeaProjects/grt-testing/subject-programs/shiro-core-1.2.3.jar but a class could not be loaded: java.lang.NoClassDefFoundError: org/slf4j/LoggerFactory
Ignoring org.apache.shiro.mgt.DefaultSecurityManager which was read from /Users/adityaakhileshwaran/IdeaProjects/grt-testing/subject-programs/shiro-core-1.2.3.jar but a class could not be loaded: java.lang.NoClassDefFoundError: org/slf4j/LoggerFactory
Ignoring org.apache.shiro.mgt.DefaultSubjectDAO which was read from /Users/adityaakhileshwaran/IdeaProjects/grt-testing/subject-programs/shiro-core-1.2.3.jar but a class could not be loaded: java.lang.NoClassDefFoundError: org/slf4j/LoggerFactory
Ignoring org.apache.shiro.realm.AuthenticatingRealm which was read from /Users/adityaakhileshwaran/IdeaProjects/grt-testing/subject-programs/shiro-core-1.2.3.jar but a class could not be loaded: java.lang.NoClassDefFoundError: org/slf4j/LoggerFactory
Ignoring org.apache.shiro.realm.AuthorizingRealm which was read from /Users/adityaakhileshwaran/IdeaProjects/grt-testing/subject-programs/shiro-core-1.2.3.jar but a class could not be initialized: java.lang.NoClassDefFoundError: Could not initialize class org.apache.shiro.realm.AuthenticatingRealm
Ignoring org.apache.shiro.realm.CachingRealm which was read from /Users/adityaakhileshwaran/IdeaProjects/grt-testing/subject-programs/shiro-core-1.2.3.jar but a class could not be initialized: java.lang.NoClassDefFoundError: Could not initialize class org.apache.shiro.realm.CachingRealm
Ignoring org.apache.shiro.realm.SimpleAccountRealm which was read from /Users/adityaakhileshwaran/IdeaProjects/grt-testing/subject-programs/shiro-core-1.2.3.jar but a class could not be initialized: java.lang.NoClassDefFoundError: Could not initialize class org.apache.shiro.realm.AuthorizingRealm
Ignoring org.apache.shiro.realm.activedirectory.ActiveDirectoryRealm which was read from /Users/adityaakhileshwaran/IdeaProjects/grt-testing/subject-programs/shiro-core-1.2.3.jar but a class could not be initialized: java.lang.NoClassDefFoundError: Could not initialize class org.apache.shiro.realm.AuthorizingRealm
Ignoring org.apache.shiro.realm.jdbc.JdbcRealm which was read from /Users/adityaakhileshwaran/IdeaProjects/grt-testing/subject-programs/shiro-core-1.2.3.jar but a class could not be initialized: java.lang.NoClassDefFoundError: Could not initialize class org.apache.shiro.realm.AuthorizingRealm
Ignoring org.apache.shiro.realm.jndi.JndiRealmFactory which was read from /Users/adityaakhileshwaran/IdeaProjects/grt-testing/subject-programs/shiro-core-1.2.3.jar but a class could not be initialized: java.lang.NoClassDefFoundError: Could not initialize class org.apache.shiro.jndi.JndiLocator
Ignoring org.apache.shiro.realm.ldap.AbstractLdapRealm which was read from /Users/adityaakhileshwaran/IdeaProjects/grt-testing/subject-programs/shiro-core-1.2.3.jar but a class could not be initialized: java.lang.NoClassDefFoundError: Could not initialize class org.apache.shiro.realm.ldap.AbstractLdapRealm
Ignoring org.apache.shiro.realm.ldap.DefaultLdapContextFactory which was read from /Users/adityaakhileshwaran/IdeaProjects/grt-testing/subject-programs/shiro-core-1.2.3.jar but a class could not be loaded: java.lang.NoClassDefFoundError: org/slf4j/LoggerFactory
Ignoring org.apache.shiro.realm.ldap.JndiLdapContextFactory which was read from /Users/adityaakhileshwaran/IdeaProjects/grt-testing/subject-programs/shiro-core-1.2.3.jar but a class could not be loaded: java.lang.NoClassDefFoundError: org/slf4j/LoggerFactory
Ignoring org.apache.shiro.realm.ldap.JndiLdapRealm which was read from /Users/adityaakhileshwaran/IdeaProjects/grt-testing/subject-programs/shiro-core-1.2.3.jar but a class could not be initialized: java.lang.NoClassDefFoundError: Could not initialize class org.apache.shiro.realm.AuthorizingRealm
Ignoring org.apache.shiro.realm.ldap.LdapUtils which was read from /Users/adityaakhileshwaran/IdeaProjects/grt-testing/subject-programs/shiro-core-1.2.3.jar but a class could not be loaded: java.lang.NoClassDefFoundError: org/slf4j/LoggerFactory
Ignoring org.apache.shiro.realm.text.IniRealm which was read from /Users/adityaakhileshwaran/IdeaProjects/grt-testing/subject-programs/shiro-core-1.2.3.jar but a class could not be initialized: java.lang.NoClassDefFoundError: Could not initialize class org.apache.shiro.realm.SimpleAccountRealm
Ignoring org.apache.shiro.realm.text.PropertiesRealm which was read from /Users/adityaakhileshwaran/IdeaProjects/grt-testing/subject-programs/shiro-core-1.2.3.jar but a class could not be initialized: java.lang.NoClassDefFoundError: Could not initialize class org.apache.shiro.realm.text.TextConfigurationRealm
Ignoring org.apache.shiro.realm.text.TextConfigurationRealm which was read from /Users/adityaakhileshwaran/IdeaProjects/grt-testing/subject-programs/shiro-core-1.2.3.jar but a class could not be initialized: java.lang.NoClassDefFoundError: Could not initialize class org.apache.shiro.realm.text.TextConfigurationRealm
Ignoring org.apache.shiro.session.mgt.AbstractNativeSessionManager which was read from /Users/adityaakhileshwaran/IdeaProjects/grt-testing/subject-programs/shiro-core-1.2.3.jar but a class could not be loaded: java.lang.NoClassDefFoundError: org/slf4j/LoggerFactory
Ignoring org.apache.shiro.session.mgt.AbstractValidatingSessionManager which was read from /Users/adityaakhileshwaran/IdeaProjects/grt-testing/subject-programs/shiro-core-1.2.3.jar but a class could not be initialized: java.lang.NoClassDefFoundError: Could not initialize class org.apache.shiro.session.mgt.AbstractNativeSessionManager
Ignoring org.apache.shiro.session.mgt.DefaultSessionManager which was read from /Users/adityaakhileshwaran/IdeaProjects/grt-testing/subject-programs/shiro-core-1.2.3.jar but a class could not be initialized: java.lang.NoClassDefFoundError: Could not initialize class org.apache.shiro.session.mgt.AbstractValidatingSessionManager
Ignoring org.apache.shiro.session.mgt.ExecutorServiceSessionValidationScheduler which was read from /Users/adityaakhileshwaran/IdeaProjects/grt-testing/subject-programs/shiro-core-1.2.3.jar but a class could not be loaded: java.lang.NoClassDefFoundError: org/slf4j/LoggerFactory
Ignoring org.apache.shiro.session.mgt.SimpleSession which was read from /Users/adityaakhileshwaran/IdeaProjects/grt-testing/subject-programs/shiro-core-1.2.3.jar but a class could not be loaded: java.lang.NoClassDefFoundError: org/slf4j/LoggerFactory
Ignoring org.apache.shiro.session.mgt.eis.MemorySessionDAO which was read from /Users/adityaakhileshwaran/IdeaProjects/grt-testing/subject-programs/shiro-core-1.2.3.jar but a class could not be loaded: java.lang.NoClassDefFoundError: org/slf4j/LoggerFactory
Ignoring org.apache.shiro.session.mgt.eis.RandomSessionIdGenerator which was read from /Users/adityaakhileshwaran/IdeaProjects/grt-testing/subject-programs/shiro-core-1.2.3.jar but a class could not be loaded: java.lang.NoClassDefFoundError: org/slf4j/LoggerFactory
Ignoring org.apache.shiro.subject.support.DefaultSubjectContext which was read from /Users/adityaakhileshwaran/IdeaProjects/grt-testing/subject-programs/shiro-core-1.2.3.jar but a class could not be loaded: java.lang.NoClassDefFoundError: org/slf4j/LoggerFactory
Ignoring org.apache.shiro.subject.support.DelegatingSubject which was read from /Users/adityaakhileshwaran/IdeaProjects/grt-testing/subject-programs/shiro-core-1.2.3.jar but a class could not be loaded: java.lang.NoClassDefFoundError: org/slf4j/LoggerFactory
Ignoring org.apache.shiro.util.ClassUtils which was read from /Users/adityaakhileshwaran/IdeaProjects/grt-testing/subject-programs/shiro-core-1.2.3.jar but a class could not be loaded: java.lang.NoClassDefFoundError: org/slf4j/LoggerFactory
Ignoring org.apache.shiro.util.JdbcUtils which was read from /Users/adityaakhileshwaran/IdeaProjects/grt-testing/subject-programs/shiro-core-1.2.3.jar but a class could not be loaded: java.lang.NoClassDefFoundError: org/slf4j/LoggerFactory
Ignoring org.apache.shiro.util.LifecycleUtils which was read from /Users/adityaakhileshwaran/IdeaProjects/grt-testing/subject-programs/shiro-core-1.2.3.jar but a class could not be loaded: java.lang.NoClassDefFoundError: org/slf4j/LoggerFactory
Ignoring org.apache.shiro.util.ThreadContext which was read from /Users/adityaakhileshwaran/IdeaProjects/grt-testing/subject-programs/shiro-core-1.2.3.jar but a class could not be loaded: java.lang.NoClassDefFoundError: org/slf4j/LoggerFactory

Will try to generate tests for 226 classes.
PUBLIC MEMBERS=1234
Explorer = ForwardGenerator(steps: 0, null steps: 0, num_sequences_generated: 0;
    allSequences: 0, regresson seqs: 0, error seqs: 0=0=0, invalid seqs: 0, subsumed_sequences: 0, num_failed_output_test: 0;
    sideEffectFreeMethods: 1115, runtimePrimitivesSeen: 38)

Progress update: steps=1, test inputs generated=0, failing inputs=0      (2025-03-05T04:44:37.643753Z     139M used)Unexpected exception java.lang.NullPointerException (null) in CallReplacementTransformer.transform(com/sun/source/doctree/DocCommentTree)
java.lang.NullPointerException
	at replacecall.org.apache.bcel.generic.ConstantPoolGen.<init>(ConstantPoolGen.java:159)
	at replacecall.org.apache.bcel.generic.ConstantPoolGen.<init>(ConstantPoolGen.java:216)
	at replacecall.org.apache.bcel.generic.ClassGen.<init>(ClassGen.java:143)
	at randoop.instrument.CallReplacementTransformer.transform(CallReplacementTransformer.java:131)
	at java.instrument/java.lang.instrument.ClassFileTransformer.transform(ClassFileTransformer.java:246)
	at java.instrument/sun.instrument.TransformerManager.transform(TransformerManager.java:188)
	at java.instrument/sun.instrument.InstrumentationImpl.transform(InstrumentationImpl.java:563)
	at java.base/java.lang.ClassLoader.defineClass2(Native Method)
	at java.base/java.lang.ClassLoader.defineClass(ClassLoader.java:1109)
	at java.base/java.security.SecureClassLoader.defineClass(SecureClassLoader.java:206)
	at java.base/jdk.internal.loader.BuiltinClassLoader.defineClass(BuiltinClassLoader.java:759)
	at java.base/jdk.internal.loader.BuiltinClassLoader.findClassInModuleOrNull(BuiltinClassLoader.java:680)
	at java.base/jdk.internal.loader.BuiltinClassLoader.loadClassOrNull(BuiltinClassLoader.java:605)
	at java.base/jdk.internal.loader.BuiltinClassLoader.loadClass(BuiltinClassLoader.java:579)
	at java.base/jdk.internal.loader.ClassLoaders$AppClassLoader.loadClass(ClassLoaders.java:178)
	at java.base/java.lang.ClassLoader.loadClass(ClassLoader.java:522)
	at jdk.compiler/com.sun.tools.javac.parser.ParserFactory.<init>(ParserFactory.java:76)
	at jdk.compiler/com.sun.tools.javac.parser.ParserFactory.instance(ParserFactory.java:56)
	at jdk.compiler/com.sun.tools.javac.main.JavaCompiler.<init>(JavaCompiler.java:401)
	at jdk.compiler/com.sun.tools.javac.main.JavaCompiler.instance(JavaCompiler.java:115)
	at jdk.compiler/com.sun.tools.javac.api.JavacTaskImpl.prepareCompiler(JavacTaskImpl.java:203)
	at jdk.compiler/com.sun.tools.javac.api.JavacTaskImpl.lambda$doCall$0(JavacTaskImpl.java:101)
	at jdk.compiler/com.sun.tools.javac.api.JavacTaskImpl.handleExceptions(JavacTaskImpl.java:147)
	at jdk.compiler/com.sun.tools.javac.api.JavacTaskImpl.doCall(JavacTaskImpl.java:100)
	at jdk.compiler/com.sun.tools.javac.api.JavacTaskImpl.call(JavacTaskImpl.java:94)
	at randoop.compile.SequenceCompiler.compile(SequenceCompiler.java:176)
	at randoop.compile.SequenceCompiler.isCompilable(SequenceCompiler.java:105)
	at randoop.test.CompilableTestPredicate.testSource(CompilableTestPredicate.java:114)
	at randoop.test.CompilableTestPredicate.test(CompilableTestPredicate.java:93)
	at randoop.test.CompilableTestPredicate.test(CompilableTestPredicate.java:25)
	at java.base/java.util.function.Predicate.lambda$and$0(Predicate.java:69)
	at randoop.generation.AbstractGenerator.createAndClassifySequences(AbstractGenerator.java:320)
	at randoop.main.GenTests.handle(GenTests.java:569)
	at randoop.main.Main.nonStaticMain(Main.java:69)
	at randoop.main.Main.main(Main.java:31)
Unexpected exception java.lang.NullPointerException (null) in CallReplacementTransformer.transform(com/sun/source/doctree/DocTreeVisitor)
java.lang.NullPointerException
	at replacecall.org.apache.bcel.generic.ConstantPoolGen.<init>(ConstantPoolGen.java:159)
	at replacecall.org.apache.bcel.generic.ConstantPoolGen.<init>(ConstantPoolGen.java:216)
	at replacecall.org.apache.bcel.generic.ClassGen.<init>(ClassGen.java:143)
	at randoop.instrument.CallReplacementTransformer.transform(CallReplacementTransformer.java:131)
	at java.instrument/java.lang.instrument.ClassFileTransformer.transform(ClassFileTransformer.java:246)
	at java.instrument/sun.instrument.TransformerManager.transform(TransformerManager.java:188)
	at java.instrument/sun.instrument.InstrumentationImpl.transform(InstrumentationImpl.java:563)
	at java.base/java.lang.ClassLoader.defineClass2(Native Method)
	at java.base/java.lang.ClassLoader.defineClass(ClassLoader.java:1109)
	at java.base/java.security.SecureClassLoader.defineClass(SecureClassLoader.java:206)
	at java.base/jdk.internal.loader.BuiltinClassLoader.defineClass(BuiltinClassLoader.java:759)
	at java.base/jdk.internal.loader.BuiltinClassLoader.findClassInModuleOrNull(BuiltinClassLoader.java:680)
	at java.base/jdk.internal.loader.BuiltinClassLoader.loadClassOrNull(BuiltinClassLoader.java:605)
	at java.base/jdk.internal.loader.BuiltinClassLoader.loadClass(BuiltinClassLoader.java:579)
	at java.base/jdk.internal.loader.ClassLoaders$AppClassLoader.loadClass(ClassLoaders.java:178)
	at java.base/java.lang.ClassLoader.loadClass(ClassLoader.java:522)
	at jdk.compiler/com.sun.tools.javac.tree.DocTreeMaker.<init>(DocTreeMaker.java:146)
	at jdk.compiler/com.sun.tools.javac.tree.DocTreeMaker.instance(DocTreeMaker.java:124)
	at jdk.compiler/com.sun.tools.javac.parser.ParserFactory.<init>(ParserFactory.java:76)
	at jdk.compiler/com.sun.tools.javac.parser.ParserFactory.instance(ParserFactory.java:56)
	at jdk.compiler/com.sun.tools.javac.main.JavaCompiler.<init>(JavaCompiler.java:401)
	at jdk.compiler/com.sun.tools.javac.main.JavaCompiler.instance(JavaCompiler.java:115)
	at jdk.compiler/com.sun.tools.javac.api.JavacTaskImpl.prepareCompiler(JavacTaskImpl.java:203)
	at jdk.compiler/com.sun.tools.javac.api.JavacTaskImpl.lambda$doCall$0(JavacTaskImpl.java:101)
	at jdk.compiler/com.sun.tools.javac.api.JavacTaskImpl.handleExceptions(JavacTaskImpl.java:147)
	at jdk.compiler/com.sun.tools.javac.api.JavacTaskImpl.doCall(JavacTaskImpl.java:100)
	at jdk.compiler/com.sun.tools.javac.api.JavacTaskImpl.call(JavacTaskImpl.java:94)
	at randoop.compile.SequenceCompiler.compile(SequenceCompiler.java:176)
	at randoop.compile.SequenceCompiler.isCompilable(SequenceCompiler.java:105)
	at randoop.test.CompilableTestPredicate.testSource(CompilableTestPredicate.java:114)
	at randoop.test.CompilableTestPredicate.test(CompilableTestPredicate.java:93)
	at randoop.test.CompilableTestPredicate.test(CompilableTestPredicate.java:25)
	at java.base/java.util.function.Predicate.lambda$and$0(Predicate.java:69)
	at randoop.generation.AbstractGenerator.createAndClassifySequences(AbstractGenerator.java:320)
	at randoop.main.GenTests.handle(GenTests.java:569)
	at randoop.main.Main.nonStaticMain(Main.java:69)
	at randoop.main.Main.main(Main.java:31)

Progress update: steps=564, test inputs generated=286, failing inputs=0      (2025-03-05T04:44:47.641159Z     368M used)
Normal method executions: 45484
Exceptional method executions: 47

Average method execution time (normal termination):      0.00117
Average method execution time (exceptional termination): 0.409
Approximate memory usage 368M
Explorer = ForwardGenerator(steps: 564, null steps: 278, num_sequences_generated: 286;
    allSequences: 286, regresson seqs: 277, error seqs: 0=0=0, invalid seqs: 0, subsumed_sequences: 0, num_failed_output_test: 9;
    sideEffectFreeMethods: 1115, runtimePrimitivesSeen: 61)

About to look for failing assertions in 174 regression sequences.

Regression test output:
Regression test count: 174
Writing regression JUnit tests...
Created file /Users/adityaakhileshwaran/IdeaProjects/grt-testing/scripts/build/test/BASELINE/RegressionTest0.java
Created file /Users/adityaakhileshwaran/IdeaProjects/grt-testing/scripts/build/test/BASELINE/RegressionTest.java
Wrote regression JUnit tests.
About to look for flaky methods.
Done looking for flaky methods.

Invalid tests generated: 0
java version "1.8.0_202"
Java(TM) SE Runtime Environment (build 1.8.0_202-b08)
Java HotSpot(TM) 64-Bit Server VM (build 25.202-b08, mixed mode)

Compiling and mutating project...
command:
/Users/adityaakhileshwaran/IdeaProjects/grt-testing/scripts/build/major/bin/ant -Dmutator=mml:/Users/adityaakhileshwaran/IdeaProjects/grt-testing/scripts/build/major/mml/all.mml.bin -Dsrc=/Users/adityaakhileshwaran/IdeaProjects/grt-testing/subject-programs/src/shiro-core-1.2.3/core/  clean compile

Buildfile: /Users/adityaakhileshwaran/IdeaProjects/grt-testing/scripts/build.xml

clean:
   [delete] Deleting directory /Users/adityaakhileshwaran/IdeaProjects/grt-testing/scripts/build/bin

init:
    [mkdir] Created dir: /Users/adityaakhileshwaran/IdeaProjects/grt-testing/scripts/build/bin

compile:
     [exec] [INFO] Scanning for projects...
     [exec] [INFO] Inspecting build with total of 1 modules...
     [exec] [INFO] Installing Nexus Staging features:
     [exec] [INFO]   ... total of 1 executions of maven-deploy-plugin replaced with nexus-staging-maven-plugin
     [exec] [INFO]
     [exec] [INFO] --------------------< org.apache.shiro:shiro-core >---------------------
     [exec] [INFO] Building Apache Shiro :: Core 1.2.3
     [exec] [INFO]   from pom.xml
     [exec] [INFO] -------------------------------[ bundle ]-------------------------------
     [exec] [INFO]
     [exec] [INFO] --- clean:2.3:clean (default-clean) @ shiro-core ---
     [exec] [INFO] Deleting file set: /Users/adityaakhileshwaran/IdeaProjects/grt-testing/subject-programs/src/shiro-core-1.2.3/core/target (included: [**], excluded: [])
     [exec] [INFO]
     [exec] [INFO] --- buildnumber:1.0-beta-4:create (default) @ shiro-core ---
     [exec] Provider message:
     [exec] The svn command failed.
     [exec] Command output:
     [exec] /bin/sh: svn: command not found
     [exec]
     [exec] [INFO] Checking for local modifications: skipped.
     [exec] [INFO] Updating project files from SCM: skipped.
     [exec] [INFO] Executing: /bin/sh -c cd /Users/adityaakhileshwaran/IdeaProjects/grt-testing/subject-programs/src/shiro-core-1.2.3/core && svn --non-interactive info
     [exec] [INFO] Working directory: /Users/adityaakhileshwaran/IdeaProjects/grt-testing/subject-programs/src/shiro-core-1.2.3/core
     [exec] [WARNING] Cannot get the revision information from the scm repository, proceeding with revision of 1.2.3 :
     [exec] Error!
     [exec] [INFO] Storing buildNumber: 1.2.3 at timestamp: 1741149894402
     [exec] [INFO] Executing: /bin/sh -c cd /Users/adityaakhileshwaran/IdeaProjects/grt-testing/subject-programs/src/shiro-core-1.2.3/core && svn --non-interactive info
     [exec] [INFO] Working directory: /Users/adityaakhileshwaran/IdeaProjects/grt-testing/subject-programs/src/shiro-core-1.2.3/core
     [exec] [INFO] Storing buildScmBranch: UNKNOWN_BRANCH
     [exec] [INFO]
     [exec] [INFO] --- remote-resources:1.1:process (default) @ shiro-core ---
     [exec] [INFO] Setting property: classpath.resource.loader.class => 'org.codehaus.plexus.velocity.ContextClassLoaderResourceLoader'.
     [exec] [INFO] Setting property: velocimacro.messages.on => 'false'.
     [exec] [INFO] Setting property: resource.loader => 'classpath'.
     [exec] [INFO] Setting property: resource.manager.logwhenfound => 'false'.
     [exec] [INFO]
     [exec] [INFO] --- resources:2.4:resources (default-resources) @ shiro-core ---
     [exec] [INFO] Using 'UTF-8' encoding to copy filtered resources.
     [exec] [INFO] skip non existing resourceDirectory /Users/adityaakhileshwaran/IdeaProjects/grt-testing/subject-programs/src/shiro-core-1.2.3/core/src/main/resources
     [exec] [INFO] Copying 3 resources
     [exec] [INFO]
     [exec] [INFO] --- compiler:2.0.2:compile (default-compile) @ shiro-core ---
     [exec] [INFO] Compiling 311 source files to /Users/adityaakhileshwaran/IdeaProjects/grt-testing/subject-programs/src/shiro-core-1.2.3/core/target/classes
     [exec] [INFO]
     [exec] [INFO] --- groovy:1.3:compile (default) @ shiro-core ---
     [exec] [INFO] No sources found to compile
     [exec] [INFO]
     [exec] [INFO] --- resources:2.4:testResources (default-testResources) @ shiro-core ---
     [exec] [INFO] Using 'UTF-8' encoding to copy filtered resources.
     [exec] [INFO] Copying 6 resources
     [exec] [INFO] Copying 3 resources
     [exec] [INFO]
     [exec] [INFO] --- compiler:2.0.2:testCompile (default-testCompile) @ shiro-core ---
     [exec] [INFO] Compiling 70 source files to /Users/adityaakhileshwaran/IdeaProjects/grt-testing/subject-programs/src/shiro-core-1.2.3/core/target/test-classes
     [exec] [INFO]
     [exec] [INFO] --- groovy:1.3:testCompile (default) @ shiro-core ---
     [exec] [INFO] Compiled 25 Groovy classes
     [exec] [INFO]
     [exec] [INFO] --- surefire:2.12:test (default-test) @ shiro-core ---
     [exec] [INFO] Tests are skipped.
     [exec] [INFO]
     [exec] [INFO] --- bundle:2.1.0:bundle (default-bundle) @ shiro-core ---
     [exec] [INFO]
     [exec] [INFO] --- jar:2.3.1:test-jar (default) @ shiro-core ---
     [exec] [INFO] Building jar: /Users/adityaakhileshwaran/IdeaProjects/grt-testing/subject-programs/src/shiro-core-1.2.3/core/target/shiro-core-1.2.3-tests.jar
     [exec] [INFO] ------------------------------------------------------------------------
     [exec] [INFO] BUILD SUCCESS
     [exec] [INFO] ------------------------------------------------------------------------
     [exec] [INFO] Total time:  9.221 s
     [exec] [INFO] Finished at: 2025-03-04T20:45:01-08:00
     [exec] [INFO] ------------------------------------------------------------------------
     [copy] Copying 307 files to /Users/adityaakhileshwaran/IdeaProjects/grt-testing/scripts/build/bin
     [exec] mv: /Users/adityaakhileshwaran/IdeaProjects/grt-testing/subject-programs/src/shiro-core-1.2.3/core//major.log: No such file or directory
     [exec] Result: 1
     [exec] mv: /Users/adityaakhileshwaran/IdeaProjects/grt-testing/subject-programs/src/shiro-core-1.2.3/core//mutants.log: No such file or directory
     [exec] Result: 1

BUILD SUCCESSFUL
Total time: 13 seconds

Compiling tests...
command:
/Users/adityaakhileshwaran/IdeaProjects/grt-testing/scripts/build/major/bin/ant -Dtest=/Users/adityaakhileshwaran/IdeaProjects/grt-testing/scripts/build/test/BASELINE -Dsrc=/Users/adityaakhileshwaran/IdeaProjects/grt-testing/subject-programs/src/shiro-core-1.2.3/core/  compile.tests

Buildfile: /Users/adityaakhileshwaran/IdeaProjects/grt-testing/scripts/build.xml

init:

compile:
     [exec] [INFO] Scanning for projects...
     [exec] [INFO] Inspecting build with total of 1 modules...
     [exec] [INFO] Installing Nexus Staging features:
     [exec] [INFO]   ... total of 1 executions of maven-deploy-plugin replaced with nexus-staging-maven-plugin
     [exec] [INFO]
     [exec] [INFO] --------------------< org.apache.shiro:shiro-core >---------------------
     [exec] [INFO] Building Apache Shiro :: Core 1.2.3
     [exec] [INFO]   from pom.xml
     [exec] [INFO] -------------------------------[ bundle ]-------------------------------
     [exec] [INFO]
     [exec] [INFO] --- clean:2.3:clean (default-clean) @ shiro-core ---
     [exec] [INFO] Deleting file set: /Users/adityaakhileshwaran/IdeaProjects/grt-testing/subject-programs/src/shiro-core-1.2.3/core/target (included: [**], excluded: [])
     [exec] [INFO]
     [exec] [INFO] --- buildnumber:1.0-beta-4:create (default) @ shiro-core ---
     [exec] [INFO] Checking for local modifications: skipped.
     [exec] [INFO] Updating project files from SCM: skipped.
     [exec] Provider message:
     [exec] The svn command failed.
     [exec] Command output:
     [exec] /bin/sh: svn: command not found
     [exec]
     [exec] [INFO] Executing: /bin/sh -c cd /Users/adityaakhileshwaran/IdeaProjects/grt-testing/subject-programs/src/shiro-core-1.2.3/core && svn --non-interactive info
     [exec] [INFO] Working directory: /Users/adityaakhileshwaran/IdeaProjects/grt-testing/subject-programs/src/shiro-core-1.2.3/core
     [exec] [WARNING] Cannot get the revision information from the scm repository, proceeding with revision of 1.2.3 :
     [exec] Error!
     [exec] [INFO] Storing buildNumber: 1.2.3 at timestamp: 1741149907412
     [exec] [INFO] Executing: /bin/sh -c cd /Users/adityaakhileshwaran/IdeaProjects/grt-testing/subject-programs/src/shiro-core-1.2.3/core && svn --non-interactive info
     [exec] [INFO] Working directory: /Users/adityaakhileshwaran/IdeaProjects/grt-testing/subject-programs/src/shiro-core-1.2.3/core
     [exec] [INFO] Storing buildScmBranch: UNKNOWN_BRANCH
     [exec] [INFO]
     [exec] [INFO] --- remote-resources:1.1:process (default) @ shiro-core ---
     [exec] [INFO] Setting property: classpath.resource.loader.class => 'org.codehaus.plexus.velocity.ContextClassLoaderResourceLoader'.
     [exec] [INFO] Setting property: velocimacro.messages.on => 'false'.
     [exec] [INFO] Setting property: resource.loader => 'classpath'.
     [exec] [INFO] Setting property: resource.manager.logwhenfound => 'false'.
     [exec] [INFO]
     [exec] [INFO] --- resources:2.4:resources (default-resources) @ shiro-core ---
     [exec] [INFO] Using 'UTF-8' encoding to copy filtered resources.
     [exec] [INFO] skip non existing resourceDirectory /Users/adityaakhileshwaran/IdeaProjects/grt-testing/subject-programs/src/shiro-core-1.2.3/core/src/main/resources
     [exec] [INFO] Copying 3 resources
     [exec] [INFO]
     [exec] [INFO] --- compiler:2.0.2:compile (default-compile) @ shiro-core ---
     [exec] [INFO] Compiling 311 source files to /Users/adityaakhileshwaran/IdeaProjects/grt-testing/subject-programs/src/shiro-core-1.2.3/core/target/classes
     [exec] [INFO]
     [exec] [INFO] --- groovy:1.3:compile (default) @ shiro-core ---
     [exec] [INFO] No sources found to compile
     [exec] [INFO]
     [exec] [INFO] --- resources:2.4:testResources (default-testResources) @ shiro-core ---
     [exec] [INFO] Using 'UTF-8' encoding to copy filtered resources.
     [exec] [INFO] Copying 6 resources
     [exec] [INFO] Copying 3 resources
     [exec] [INFO]
     [exec] [INFO] --- compiler:2.0.2:testCompile (default-testCompile) @ shiro-core ---
     [exec] [INFO] Compiling 70 source files to /Users/adityaakhileshwaran/IdeaProjects/grt-testing/subject-programs/src/shiro-core-1.2.3/core/target/test-classes
     [exec] [INFO]
     [exec] [INFO] --- groovy:1.3:testCompile (default) @ shiro-core ---
     [exec] [INFO] Compiled 25 Groovy classes
     [exec] [INFO]
     [exec] [INFO] --- surefire:2.12:test (default-test) @ shiro-core ---
     [exec] [INFO] Tests are skipped.
     [exec] [INFO]
     [exec] [INFO] --- bundle:2.1.0:bundle (default-bundle) @ shiro-core ---
     [exec] [INFO]
     [exec] [INFO] --- jar:2.3.1:test-jar (default) @ shiro-core ---
     [exec] [INFO] Building jar: /Users/adityaakhileshwaran/IdeaProjects/grt-testing/subject-programs/src/shiro-core-1.2.3/core/target/shiro-core-1.2.3-tests.jar
     [exec] [INFO] ------------------------------------------------------------------------
     [exec] [INFO] BUILD SUCCESS
     [exec] [INFO] ------------------------------------------------------------------------
     [exec] [INFO] Total time:  8.507 s
     [exec] [INFO] Finished at: 2025-03-04T20:45:14-08:00
     [exec] [INFO] ------------------------------------------------------------------------
     [copy] Copying 307 files to /Users/adityaakhileshwaran/IdeaProjects/grt-testing/scripts/build/bin
     [exec] mv: /Users/adityaakhileshwaran/IdeaProjects/grt-testing/subject-programs/src/shiro-core-1.2.3/core//major.log: No such file or directory
     [exec] Result: 1
     [exec] mv: /Users/adityaakhileshwaran/IdeaProjects/grt-testing/subject-programs/src/shiro-core-1.2.3/core//mutants.log: No such file or directory
     [exec] Result: 1

compile.tests:
    [javac] Compiling 2 source files to /Users/adityaakhileshwaran/IdeaProjects/grt-testing/scripts/build/bin
    [javac] /Users/adityaakhileshwaran/IdeaProjects/grt-testing/scripts/build/test/BASELINE/RegressionTest0.java:2151: error: cannot find symbol
    [javac]         java.io.InputStream inputStream0 = java.io.InputStream.nullInputStream();
    [javac]                                                               ^
    [javac]   symbol:   method nullInputStream()
    [javac]   location: class InputStream
    [javac] 1 error

BUILD FAILED
/Users/adityaakhileshwaran/IdeaProjects/grt-testing/scripts/build.xml:66: Compile failed; see the compiler error output for details.

Total time: 13 seconds
