Using BASELINE

openjdk version "11.0.13" 2021-10-19
OpenJDK Runtime Environment Temurin-11.0.13+8 (build 11.0.13+8)
OpenJDK 64-Bit Server VM Temurin-11.0.13+8 (build 11.0.13+8, mixed mode)
Randoop for Java version "4.3.3, branch master, commit 27d6ec8, 2025-02-26".

Will try to generate tests for 58 classes.
PUBLIC MEMBERS=447
Explorer = ForwardGenerator(steps: 0, null steps: 0, num_sequences_generated: 0;
    allSequences: 0, regresson seqs: 0, error seqs: 0=0=0, invalid seqs: 0, subsumed_sequences: 0, num_failed_output_test: 0;
    sideEffectFreeMethods: 1115, runtimePrimitivesSeen: 38)

Progress update: steps=1, test inputs generated=0, failing inputs=0      (2025-03-05T04:18:09.519507Z     197M used)Unexpected exception java.lang.NullPointerException (null) in CallReplacementTransformer.transform(com/sun/source/doctree/DocCommentTree)
java.lang.NullPointerException
	at replacecall.org.apache.bcel.generic.ConstantPoolGen.<init>(ConstantPoolGen.java:159)
	at replacecall.org.apache.bcel.generic.ConstantPoolGen.<init>(ConstantPoolGen.java:216)
	at replacecall.org.apache.bcel.generic.ClassGen.<init>(ClassGen.java:143)
	at randoop.instrument.CallReplacementTransformer.transform(CallReplacementTransformer.java:131)
	at java.instrument/java.lang.instrument.ClassFileTransformer.transform(ClassFileTransformer.java:246)
	at java.instrument/sun.instrument.TransformerManager.transform(TransformerManager.java:188)
	at java.instrument/sun.instrument.InstrumentationImpl.transform(InstrumentationImpl.java:563)
	at java.base/java.lang.ClassLoader.defineClass2(Native Method)
	at java.base/java.lang.ClassLoader.defineClass(ClassLoader.java:1109)
	at java.base/java.security.SecureClassLoader.defineClass(SecureClassLoader.java:206)
	at java.base/jdk.internal.loader.BuiltinClassLoader.defineClass(BuiltinClassLoader.java:759)
	at java.base/jdk.internal.loader.BuiltinClassLoader.findClassInModuleOrNull(BuiltinClassLoader.java:680)
	at java.base/jdk.internal.loader.BuiltinClassLoader.loadClassOrNull(BuiltinClassLoader.java:605)
	at java.base/jdk.internal.loader.BuiltinClassLoader.loadClass(BuiltinClassLoader.java:579)
	at java.base/jdk.internal.loader.ClassLoaders$AppClassLoader.loadClass(ClassLoaders.java:178)
	at java.base/java.lang.ClassLoader.loadClass(ClassLoader.java:522)
	at jdk.compiler/com.sun.tools.javac.parser.ParserFactory.<init>(ParserFactory.java:76)
	at jdk.compiler/com.sun.tools.javac.parser.ParserFactory.instance(ParserFactory.java:56)
	at jdk.compiler/com.sun.tools.javac.main.JavaCompiler.<init>(JavaCompiler.java:401)
	at jdk.compiler/com.sun.tools.javac.main.JavaCompiler.instance(JavaCompiler.java:115)
	at jdk.compiler/com.sun.tools.javac.api.JavacTaskImpl.prepareCompiler(JavacTaskImpl.java:203)
	at jdk.compiler/com.sun.tools.javac.api.JavacTaskImpl.lambda$doCall$0(JavacTaskImpl.java:101)
	at jdk.compiler/com.sun.tools.javac.api.JavacTaskImpl.handleExceptions(JavacTaskImpl.java:147)
	at jdk.compiler/com.sun.tools.javac.api.JavacTaskImpl.doCall(JavacTaskImpl.java:100)
	at jdk.compiler/com.sun.tools.javac.api.JavacTaskImpl.call(JavacTaskImpl.java:94)
	at randoop.compile.SequenceCompiler.compile(SequenceCompiler.java:176)
	at randoop.compile.SequenceCompiler.isCompilable(SequenceCompiler.java:105)
	at randoop.test.CompilableTestPredicate.testSource(CompilableTestPredicate.java:114)
	at randoop.test.CompilableTestPredicate.test(CompilableTestPredicate.java:93)
	at randoop.test.CompilableTestPredicate.test(CompilableTestPredicate.java:25)
	at java.base/java.util.function.Predicate.lambda$and$0(Predicate.java:69)
	at randoop.generation.AbstractGenerator.createAndClassifySequences(AbstractGenerator.java:320)
	at randoop.main.GenTests.handle(GenTests.java:569)
	at randoop.main.Main.nonStaticMain(Main.java:69)
	at randoop.main.Main.main(Main.java:31)
Unexpected exception java.lang.NullPointerException (null) in CallReplacementTransformer.transform(com/sun/source/doctree/DocTreeVisitor)
java.lang.NullPointerException
	at replacecall.org.apache.bcel.generic.ConstantPoolGen.<init>(ConstantPoolGen.java:159)
	at replacecall.org.apache.bcel.generic.ConstantPoolGen.<init>(ConstantPoolGen.java:216)
	at replacecall.org.apache.bcel.generic.ClassGen.<init>(ClassGen.java:143)
	at randoop.instrument.CallReplacementTransformer.transform(CallReplacementTransformer.java:131)
	at java.instrument/java.lang.instrument.ClassFileTransformer.transform(ClassFileTransformer.java:246)
	at java.instrument/sun.instrument.TransformerManager.transform(TransformerManager.java:188)
	at java.instrument/sun.instrument.InstrumentationImpl.transform(InstrumentationImpl.java:563)
	at java.base/java.lang.ClassLoader.defineClass2(Native Method)
	at java.base/java.lang.ClassLoader.defineClass(ClassLoader.java:1109)
	at java.base/java.security.SecureClassLoader.defineClass(SecureClassLoader.java:206)
	at java.base/jdk.internal.loader.BuiltinClassLoader.defineClass(BuiltinClassLoader.java:759)
	at java.base/jdk.internal.loader.BuiltinClassLoader.findClassInModuleOrNull(BuiltinClassLoader.java:680)
	at java.base/jdk.internal.loader.BuiltinClassLoader.loadClassOrNull(BuiltinClassLoader.java:605)
	at java.base/jdk.internal.loader.BuiltinClassLoader.loadClass(BuiltinClassLoader.java:579)
	at java.base/jdk.internal.loader.ClassLoaders$AppClassLoader.loadClass(ClassLoaders.java:178)
	at java.base/java.lang.ClassLoader.loadClass(ClassLoader.java:522)
	at jdk.compiler/com.sun.tools.javac.tree.DocTreeMaker.<init>(DocTreeMaker.java:146)
	at jdk.compiler/com.sun.tools.javac.tree.DocTreeMaker.instance(DocTreeMaker.java:124)
	at jdk.compiler/com.sun.tools.javac.parser.ParserFactory.<init>(ParserFactory.java:76)
	at jdk.compiler/com.sun.tools.javac.parser.ParserFactory.instance(ParserFactory.java:56)
	at jdk.compiler/com.sun.tools.javac.main.JavaCompiler.<init>(JavaCompiler.java:401)
	at jdk.compiler/com.sun.tools.javac.main.JavaCompiler.instance(JavaCompiler.java:115)
	at jdk.compiler/com.sun.tools.javac.api.JavacTaskImpl.prepareCompiler(JavacTaskImpl.java:203)
	at jdk.compiler/com.sun.tools.javac.api.JavacTaskImpl.lambda$doCall$0(JavacTaskImpl.java:101)
	at jdk.compiler/com.sun.tools.javac.api.JavacTaskImpl.handleExceptions(JavacTaskImpl.java:147)
	at jdk.compiler/com.sun.tools.javac.api.JavacTaskImpl.doCall(JavacTaskImpl.java:100)
	at jdk.compiler/com.sun.tools.javac.api.JavacTaskImpl.call(JavacTaskImpl.java:94)
	at randoop.compile.SequenceCompiler.compile(SequenceCompiler.java:176)
	at randoop.compile.SequenceCompiler.isCompilable(SequenceCompiler.java:105)
	at randoop.test.CompilableTestPredicate.testSource(CompilableTestPredicate.java:114)
	at randoop.test.CompilableTestPredicate.test(CompilableTestPredicate.java:93)
	at randoop.test.CompilableTestPredicate.test(CompilableTestPredicate.java:25)
	at java.base/java.util.function.Predicate.lambda$and$0(Predicate.java:69)
	at randoop.generation.AbstractGenerator.createAndClassifySequences(AbstractGenerator.java:320)
	at randoop.main.GenTests.handle(GenTests.java:569)
	at randoop.main.Main.nonStaticMain(Main.java:69)
	at randoop.main.Main.main(Main.java:31)

Progress update: steps=376, test inputs generated=262, failing inputs=0      (2025-03-05T04:18:19.524614Z     615M used)
Normal method executions: 23866
Exceptional method executions: 54

Average method execution time (normal termination):      0.00718
Average method execution time (exceptional termination): 2.73
Approximate memory usage 615M
Explorer = ForwardGenerator(steps: 376, null steps: 114, num_sequences_generated: 262;
    allSequences: 262, regresson seqs: 260, error seqs: 0=0=0, invalid seqs: 0, subsumed_sequences: 0, num_failed_output_test: 2;
    sideEffectFreeMethods: 1115, runtimePrimitivesSeen: 82)

About to look for failing assertions in 167 regression sequences.

Regression test output:
Regression test count: 167
Writing regression JUnit tests...
JUnit version 4.13.2
...........................................................E.......E.....................................................................................................
Time: 0.619
There were 2 failures:
1) test059(RegressionTest0)
org.junit.ComparisonFailure: '�9��^kK
2U��`���	' != '���^kK
��`���	' expected:<�[9��^kK
2U]��`���	> but was:<�[��^kK
]��`���	>
	at org.junit.Assert.assertEquals(Assert.java:117)
	at RegressionTest0.test059(RegressionTest0.java:722)
2) test066(RegressionTest0)
org.junit.ComparisonFailure: 'K111111111' != 'KA11111111' expected:<K[1]11111111> but was:<K[A]11111111>
	at org.junit.Assert.assertEquals(Assert.java:117)
	at RegressionTest0.test066(RegressionTest0.java:807)

FAILURES!!!
Tests run: 167,  Failures: 2
Created file /Users/adityaakhileshwaran/IdeaProjects/grt-testing/scripts/build/test/BASELINE/RegressionTest0.java
Created file /Users/adityaakhileshwaran/IdeaProjects/grt-testing/scripts/build/test/BASELINE/RegressionTest.java
Wrote regression JUnit tests.
About to look for flaky methods.

Flaky tests were generated. This means that your program contains
methods that are nondeterministic or depend on non-local state.
The following methods, in decreasing order of likelihood,
are the most likely to be the problem.
  Possibly flaky:  org.apache.commons.codec.binary.StringUtils.newStringUtf8(byte[])
  Possibly flaky:  org.apache.commons.codec.language.Caverphone2.encode(java.lang.String)
  Possibly flaky:  org.apache.commons.codec.binary.Base64.encodeBase64(byte[])
  Possibly flaky:  org.apache.commons.codec.binary.Base64.encodeBase64URLSafe(byte[])
  Possibly flaky:  org.apache.commons.codec.digest.DigestUtils.sha1(java.lang.String)
  Possibly flaky:  java.lang.String.toUpperCase()
  Possibly flaky:  java.lang.String.toString()
  Possibly flaky:  java.lang.String.toLowerCase()
  Possibly flaky:  java.lang.String.intern()
  Possibly flaky:  java.lang.Short.valueOf(java.lang.String)
To prevent the generation of flaky tests, see section 'Randoop generated flaky tests'
 at https://randoop.github.io/randoop/manual/#flaky-tests .

Done looking for flaky methods.

Invalid tests generated: 0

Uncompilable sequences generated (count: 1).
Please report uncompilable sequences at https://github.com/randoop/randoop/issues ,
providing the information requested at https://randoop.github.io/randoop/manual/index.html#bug-reporting .
java version "1.8.0_202"
Java(TM) SE Runtime Environment (build 1.8.0_202-b08)
Java HotSpot(TM) 64-Bit Server VM (build 25.202-b08, mixed mode)

Compiling and mutating project...
command:
/Users/adityaakhileshwaran/IdeaProjects/grt-testing/scripts/build/major/bin/ant -Dmutator=mml:/Users/adityaakhileshwaran/IdeaProjects/grt-testing/scripts/build/major/mml/all.mml.bin -Dsrc=/Users/adityaakhileshwaran/IdeaProjects/grt-testing/subject-programs/src/commons-codec-1.9/src/main/java/  clean compile

Buildfile: /Users/adityaakhileshwaran/IdeaProjects/grt-testing/scripts/build.xml

clean:
   [delete] Deleting directory /Users/adityaakhileshwaran/IdeaProjects/grt-testing/scripts/build/bin

init:
    [mkdir] Created dir: /Users/adityaakhileshwaran/IdeaProjects/grt-testing/scripts/build/bin

compile:
    [javac] Compiling 56 source files to /Users/adityaakhileshwaran/IdeaProjects/grt-testing/scripts/build/bin
    [javac] Generated 5407 mutants (4254 ms)

BUILD SUCCESSFUL
Total time: 6 seconds

Compiling tests...
command:
/Users/adityaakhileshwaran/IdeaProjects/grt-testing/scripts/build/major/bin/ant -Dtest=/Users/adityaakhileshwaran/IdeaProjects/grt-testing/scripts/build/test/BASELINE -Dsrc=/Users/adityaakhileshwaran/IdeaProjects/grt-testing/subject-programs/src/commons-codec-1.9/src/main/java/  compile.tests

Buildfile: /Users/adityaakhileshwaran/IdeaProjects/grt-testing/scripts/build.xml

init:

compile:

compile.tests:
    [javac] Compiling 2 source files to /Users/adityaakhileshwaran/IdeaProjects/grt-testing/scripts/build/bin
    [javac] /Users/adityaakhileshwaran/IdeaProjects/grt-testing/scripts/build/test/BASELINE/RegressionTest0.java:327: error: cannot find symbol
    [javac]             byte[] byteArray5 = base32InputStream4.readAllBytes();
    [javac]                                                   ^
    [javac]   symbol:   method readAllBytes()
    [javac]   location: variable base32InputStream4 of type Base32InputStream
    [javac] /Users/adityaakhileshwaran/IdeaProjects/grt-testing/scripts/build/test/BASELINE/RegressionTest0.java:607: error: cannot find symbol
    [javac]             byte[] byteArray5 = base32InputStream2.readAllBytes();
    [javac]                                                   ^
    [javac]   symbol:   method readAllBytes()
    [javac]   location: variable base32InputStream2 of type Base32InputStream
    [javac] /Users/adityaakhileshwaran/IdeaProjects/grt-testing/scripts/build/test/BASELINE/RegressionTest0.java:897: error: cannot find symbol
    [javac]         java.io.OutputStream outputStream7 = java.io.OutputStream.nullOutputStream();
    [javac]                                                                  ^
    [javac]   symbol:   method nullOutputStream()
    [javac]   location: class OutputStream
    [javac] /Users/adityaakhileshwaran/IdeaProjects/grt-testing/scripts/build/test/BASELINE/RegressionTest0.java:1004: error: cannot find symbol
    [javac]             byte[] byteArray7 = base64InputStream6.readAllBytes();
    [javac]                                                   ^
    [javac]   symbol:   method readAllBytes()
    [javac]   location: variable base64InputStream6 of type Base64InputStream
    [javac] /Users/adityaakhileshwaran/IdeaProjects/grt-testing/scripts/build/test/BASELINE/RegressionTest0.java:1510: error: cannot find symbol
    [javac]         java.io.InputStream inputStream0 = java.io.InputStream.nullInputStream();
    [javac]                                                               ^
    [javac]   symbol:   method nullInputStream()
    [javac]   location: class InputStream
    [javac] /Users/adityaakhileshwaran/IdeaProjects/grt-testing/scripts/build/test/BASELINE/RegressionTest0.java:1981: error: cannot find symbol
    [javac]         java.io.OutputStream outputStream7 = java.io.OutputStream.nullOutputStream();
    [javac]                                                                  ^
    [javac]   symbol:   method nullOutputStream()
    [javac]   location: class OutputStream
    [javac] /Users/adityaakhileshwaran/IdeaProjects/grt-testing/scripts/build/test/BASELINE/RegressionTest0.java:1987: error: cannot find symbol
    [javac]             long long17 = base32InputStream4.transferTo(outputStream7);
    [javac]                                             ^
    [javac]   symbol:   method transferTo(OutputStream)
    [javac]   location: variable base32InputStream4 of type Base32InputStream
    [javac] /Users/adityaakhileshwaran/IdeaProjects/grt-testing/scripts/build/test/BASELINE/RegressionTest0.java:2284: error: cannot find symbol
    [javac]         java.io.OutputStream outputStream1 = java.io.OutputStream.nullOutputStream();
    [javac]                                                                  ^
    [javac]   symbol:   method nullOutputStream()
    [javac]   location: class OutputStream
    [javac] /Users/adityaakhileshwaran/IdeaProjects/grt-testing/scripts/build/test/BASELINE/RegressionTest0.java:2404: error: cannot find symbol
    [javac]         java.io.OutputStream outputStream0 = java.io.OutputStream.nullOutputStream();
    [javac]                                                                  ^
    [javac]   symbol:   method nullOutputStream()
    [javac]   location: class OutputStream
    [javac] Note: /Users/adityaakhileshwaran/IdeaProjects/grt-testing/scripts/build/test/BASELINE/RegressionTest0.java uses or overrides a deprecated API.
    [javac] Note: Recompile with -Xlint:deprecation for details.
    [javac] 9 errors

BUILD FAILED
/Users/adityaakhileshwaran/IdeaProjects/grt-testing/scripts/build.xml:48: Compile failed; see the compiler error output for details.

Total time: 1 second
